<?xml version="1.0" encoding="UTF-8"?><testsuite errors="1" failures="0" name=": Buscar un vuelo" skipped="0" tests="1" time="0.35" timestamp="2020-06-20 10:16:55"><testcase name="Buscar un vuelo de Medellin a Bogotá Exitoso"><error message="Arity mismatch: Step Definition 'co.com.despegar.stepdefinitions.BuscarVueloStepdefinitions.defineLaCiudadDeOrigenYLaCiudadDeDestino() in file:/C:/Users/pcc/Downloads/Web_Screemplay_Despegar/build/classes/java/test/' with pattern [^define la ciudad de origen y la ciudad de destino$] is declared with 0 parameters. However, the gherkin step has 1 arguments [Table:[[Medellín, Antioquia, Bogotá, Bogotá D.C]]]. &#10;Step text: define la ciudad de origen y la ciudad de destino" type="cucumber.runtime.CucumberException">Arity mismatch: Step Definition 'co.com.despegar.stepdefinitions.BuscarVueloStepdefinitions.defineLaCiudadDeOrigenYLaCiudadDeDestino() in file:/C:/Users/pcc/Downloads/Web_Screemplay_Despegar/build/classes/java/test/' with pattern [^define la ciudad de origen y la ciudad de destino$] is declared with 0 parameters. However, the gherkin step has 1 arguments [Table:[[Medellín, Antioquia, Bogotá, Bogotá D.C]]]. 
Step text: define la ciudad de origen y la ciudad de destino</error><system-err>Arity mismatch: Step Definition 'co.com.despegar.stepdefinitions.BuscarVueloStepdefinitions.defineLaCiudadDeOrigenYLaCiudadDeDestino() in file:/C:/Users/pcc/Downloads/Web_Screemplay_Despegar/build/classes/java/test/' with pattern [^define la ciudad de origen y la ciudad de destino$] is declared with 0 parameters. However, the gherkin step has 1 arguments [Table:[[Medellín, Antioquia, Bogotá, Bogotá D.C]]]. 
Step text: define la ciudad de origen y la ciudad de destino&#13;
cucumber.runner.Runner.runPickle(Runner.java:80)&#13;
</system-err></testcase></testsuite>